#
# A fatal error has been detected by the Java Runtime Environment:
#
#  SIGSEGV (0xb) at pc=0x00007fe033af346d, pid=7684, tid=140600412182272
#
# JRE version: Java(TM) SE Runtime Environment (8.0_74-b02) (build 1.8.0_74-b02)
# Java VM: Java HotSpot(TM) 64-Bit Server VM (25.74-b02 mixed mode linux-amd64 compressed oops)
# Problematic frame:
# C  [ld-linux-x86-64.so.2+0x946d]  do_lookup_x+0x8d
#
# Failed to write core dump. Core dumps have been disabled. To enable core dumping, try "ulimit -c unlimited" before starting Java again
#
# If you would like to submit a bug report, please visit:
#   http://bugreport.java.com/bugreport/crash.jsp
# The crash happened outside the Java Virtual Machine in native code.
# See problematic frame for where to report the bug.
#

---------------  T H R E A D  ---------------

Current thread (0x00007fe02c082800):  JavaThread "Finalizer" daemon [_thread_in_native, id=7695, stack(0x00007fe0158f9000,0x00007fe0159fa000)]

siginfo: si_signo: 11 (SIGSEGV), si_code: 1 (SEGV_MAPERR), si_addr: 0x0000000000000068

Registers:
RAX=0x0000000000000040, RBX=0x00007fe033ce49c0, RCX=0x000000000000000d, RDX=0x00000000000003f3
RSP=0x00007fe0159f7ae0, RBP=0x0000000000000002, RSI=0x00040142400c9d40, RDI=0x00007fdffc0022a0
R8 =0x00007fe0159f7c40, R9 =0x00007fdfc87ea7b8, R10=0x0000000000000003, R11=0x0000000000000000
R12=0x00007fe0159f7d18, R13=0x00007fdfc9185ea0, R14=0x0000000000000003, R15=0x0000000000000000
RIP=0x00007fe033af346d, EFLAGS=0x0000000000010202, CSGSFS=0x0000000000000033, ERR=0x0000000000000004
  TRAPNO=0x000000000000000e

Top of Stack: (sp=0x00007fe0159f7ae0)
0x00007fe0159f7ae0:   00007fe0159f82c0 00007fdffc0022a0
0x00007fe0159f7af0:   00007fe033102f00 00007fe0330f5d60
0x00007fe0159f7b00:   0000000000000000 00007fe0159f7b68
0x00007fe0159f7b10:   00000000ace3668d 0000000002b38d9a
0x00007fe0159f7b20:   00007fdf0000000d 00007fe0159f7c40
0x00007fe0159f7b30:   00007fe0159f7b64 00007fe0159f7c30
0x00007fe0159f7b40:   00007fe0159f8400 00007fe032a3a33b
0x00007fe0159f7b50:   00007fe0159f7bc0 00007fe032a3b426
0x00007fe0159f7b60:   000000001ce9da28 0000000000000000
0x00007fe0159f7b70:   00007fe0159f8550 00007fdfc87ea888
0x00007fe0159f7b80:   00007fe0159f7cd0 00007fe0159f7d18
0x00007fe0159f7b90:   0000000000000000 00007fdfc87ea500
0x00007fe0159f7ba0:   0000000000000000 00007fe033af4050
0x00007fe0159f7bb0:   0000000000000000 0000000000000000
0x00007fe0159f7bc0:   0000000000000002 0000000000000000
0x00007fe0159f7bd0:   0000000000000000 00007fdfc87ea500
0x00007fe0159f7be0:   0000008cffffffff 00007fe0159f83b0
0x00007fe0159f7bf0:   00007fe0159f7e40 0000000000000000
0x00007fe0159f7c00:   00007fdfc87ea888 00007fe0159f7c40
0x00007fe0159f7c10:   0000000000000001 00007fe0159f7c30
0x00007fe0159f7c20:   00000000ace3668d 00007fdffc0022a0
0x00007fe0159f7c30:   00000000ffffffff 00007fe02c0835e8
0x00007fe0159f7c40:   0000000000000000 0000000000000000
0x00007fe0159f7c50:   00000000000000ff 0000000000000000
0x00007fe0159f7c60:   000003b900000435 0000000000000000
0x00007fe0159f7c70:   0000000000000000 0000000000000000
0x00007fe0159f7c80:   ffffffff00000461 0000000000000000
0x00007fe0159f7c90:   00000000b9fc5ed8 0000000000000000
0x00007fe0159f7ca0:   00000000ffffffff 00007fdffc0022a0
0x00007fe0159f7cb0:   00000000019bd470 00007fe033d0ac80
0x00007fe0159f7cc0:   0000000000000000 00007fdfc87ea500
0x00007fe0159f7cd0:   00007fe0159f7d90 00007fe033230453 

Instructions: (pc=0x00007fe033af346d)
0x00007fe033af344d:   8d 84 24 88 00 00 00 48 89 44 24 28 89 f0 83 e0
0x00007fe033af345d:   3f 89 44 24 40 66 0f 1f 44 00 00 49 8b 44 ed 00
0x00007fe033af346d:   48 8b 58 28 4c 39 db 0f 84 f6 00 00 00 45 85 ff
0x00007fe033af347d:   74 0d f6 83 14 03 00 00 03 0f 84 e4 00 00 00 f6 

Register to memory mapping:

RAX=0x0000000000000040 is an unknown value
RBX=0x00007fe033ce49c0 is an unknown value
RCX=0x000000000000000d is an unknown value
RDX=0x00000000000003f3 is an unknown value
RSP=0x00007fe0159f7ae0 is pointing into the stack for thread: 0x00007fe02c082800
RBP=0x0000000000000002 is an unknown value
RSI=0x00040142400c9d40 is an unknown value
RDI=0x00007fdffc0022a0 is an unknown value
R8 =0x00007fe0159f7c40 is pointing into the stack for thread: 0x00007fe02c082800
R9 =0x00007fdfc87ea7b8 is an unknown value
R10=0x0000000000000003 is an unknown value
R11=0x0000000000000000 is an unknown value
R12=0x00007fe0159f7d18 is pointing into the stack for thread: 0x00007fe02c082800
R13=0x00007fdfc9185ea0 is an unknown value
R14=0x0000000000000003 is an unknown value
R15=0x0000000000000000 is an unknown value


Stack: [0x00007fe0158f9000,0x00007fe0159fa000],  sp=0x00007fe0159f7ae0,  free space=1018k
Native frames: (J=compiled Java code, j=interpreted, Vv=VM code, C=native code)
C  [ld-linux-x86-64.so.2+0x946d]  do_lookup_x+0x8d

Java frames: (J=compiled Java code, j=interpreted, Vv=VM code)
J 7430  java.lang.ClassLoader$NativeLibrary.find(Ljava/lang/String;)J (0 bytes) @ 0x00007fe01e51c28c [0x00007fe01e51c240+0x4c]
j  java.lang.ClassLoader.findNative(Ljava/lang/ClassLoader;Ljava/lang/String;)J+49
v  ~StubRoutines::call_stub
j  com.kenai.jffi.Foreign.freeMemory(J)V+0
j  com.kenai.jffi.MemoryIO.freeMemory(J)V+1
j  com.kenai.jffi.NativeMethods$ResourceHolder.finalize()V+8
J 2311 C2 java.lang.ref.Finalizer.access$100(Ljava/lang/ref/Finalizer;Lsun/misc/JavaLangAccess;)V (6 bytes) @ 0x00007fe01d13eb38 [0x00007fe01d13e960+0x1d8]
j  java.lang.ref.Finalizer$FinalizerThread.run()V+45
v  ~StubRoutines::call_stub

---------------  P R O C E S S  ---------------

Java Threads: ( => current thread )
  0x00007fdfd0016000 JavaThread "Stdin handler" [_thread_blocked, id=12081, stack(0x00007fe00fcfd000,0x00007fe00fdfe000)]
  0x00007fdfcc006000 JavaThread "Daemon worker Thread 3" [_thread_in_native, id=12080, stack(0x00007fe0140a5000,0x00007fe0141a6000)]
  0x00007fdfcc005000 JavaThread "Cancel handler" [_thread_blocked, id=12079, stack(0x00007fe00fdfe000,0x00007fe00feff000)]
  0x00007fdfcc007000 JavaThread "Handler for socket connection from /0:0:0:0:0:0:0:1:42096 to /0:0:0:0:0:0:0:1:60664" [_thread_in_native, id=12078, stack(0x00007fe00feff000,0x00007fe010000000)]
  0x00007fdfd8005000 JavaThread "Daemon Thread 3" [_thread_blocked, id=12077, stack(0x00007fe0141a6000,0x00007fe0142a7000)]
  0x00007fdfc8629000 JavaThread "File lock request listener" [_thread_in_native, id=7710, stack(0x00007fe00effc000,0x00007fe00f0fd000)]
  0x00007fe02ca43800 JavaThread "Incoming local TCP Connector on port 42096" [_thread_in_native, id=7702, stack(0x00007fe0142a7000,0x00007fe0143a8000)]
  0x00007fe02c0bf000 JavaThread "Service Thread" daemon [_thread_blocked, id=7700, stack(0x00007fe0153f4000,0x00007fe0154f5000)]
  0x00007fe02c0bc000 JavaThread "C1 CompilerThread2" daemon [_thread_blocked, id=7699, stack(0x00007fe0154f5000,0x00007fe0155f6000)]
  0x00007fe02c0ba000 JavaThread "C2 CompilerThread1" daemon [_thread_blocked, id=7698, stack(0x00007fe0155f6000,0x00007fe0156f7000)]
  0x00007fe02c0b7000 JavaThread "C2 CompilerThread0" daemon [_thread_in_native, id=7697, stack(0x00007fe0156f7000,0x00007fe0157f8000)]
  0x00007fe02c0b6000 JavaThread "Signal Dispatcher" daemon [_thread_blocked, id=7696, stack(0x00007fe0157f8000,0x00007fe0158f9000)]
=>0x00007fe02c082800 JavaThread "Finalizer" daemon [_thread_in_native, id=7695, stack(0x00007fe0158f9000,0x00007fe0159fa000)]
  0x00007fe02c07e000 JavaThread "Reference Handler" daemon [_thread_blocked, id=7694, stack(0x00007fe0159fa000,0x00007fe015afb000)]
  0x00007fe02c009000 JavaThread "main" [_thread_blocked, id=7685, stack(0x00007fe033be0000,0x00007fe033ce1000)]

Other Threads:
  0x00007fe02c076800 VMThread [stack: 0x00007fe015afb000,0x00007fe015bfc000] [id=7693]
  0x00007fe02c0c2000 WatcherThread [stack: 0x00007fe0152f3000,0x00007fe0153f4000] [id=7701]

VM state:not at safepoint (normal execution)

VM Mutex/Monitor currently owned by a thread: None

Heap:
 PSYoungGen      total 151552K, used 43247K [0x00000000eab00000, 0x00000000f7900000, 0x0000000100000000)
  eden space 133120K, 26% used [0x00000000eab00000,0x00000000ecd3deb0,0x00000000f2d00000)
  from space 18432K, 44% used [0x00000000f5080000,0x00000000f587dff0,0x00000000f6280000)
  to   space 36352K, 0% used [0x00000000f2d00000,0x00000000f2d00000,0x00000000f5080000)
 ParOldGen       total 114688K, used 59919K [0x00000000c0000000, 0x00000000c7000000, 0x00000000eab00000)
  object space 114688K, 52% used [0x00000000c0000000,0x00000000c3a83d58,0x00000000c7000000)
 Metaspace       used 94983K, capacity 95928K, committed 96640K, reserved 1128448K
  class space    used 17384K, capacity 17708K, committed 17792K, reserved 1048576K

Card table byte_map: [0x00007fe030ddf000,0x00007fe030fe0000] byte_map_base: 0x00007fe0307df000

Marking Bits: (ParMarkBitMap*) 0x00007fe0330c7260
 Begin Bits: [0x00007fe016000000, 0x00007fe017000000)
 End Bits:   [0x00007fe017000000, 0x00007fe018000000)

Polling page: 0x00007fe033d08000

CodeCache: size=245760Kb used=33326Kb max_used=33328Kb free=212433Kb
 bounds [0x00007fe01d000000, 0x00007fe01f0c0000, 0x00007fe02c000000]
 total_blobs=10351 nmethods=9514 adapters=749
 compilation: enabled

Compilation events (10 events):
Event: 6479,674 Thread 0x00007fe02c0bc000 11084       3       org.jruby.RubyKernel::send19 (13 bytes)
Event: 6479,674 Thread 0x00007fe02c0b7000 11086       4       org.jruby.ast.ArgsPreOneArgNode::prepare (12 bytes)
Event: 6479,674 Thread 0x00007fe02c0bc000 nmethod 11084 0x00007fe01f0b0690 code [0x00007fe01f0b0820, 0x00007fe01f0b0cd8]
Event: 6479,675 Thread 0x00007fe02c0ba000 nmethod 11085 0x00007fe01e6550d0 code [0x00007fe01e655220, 0x00007fe01e6552d8]
Event: 6479,675 Thread 0x00007fe02c0ba000 11087       4       org.jruby.ast.WhenOneArgNode::when (75 bytes)
Event: 6479,675 Thread 0x00007fe02c0b7000 nmethod 11086 0x00007fe01e6d5b10 code [0x00007fe01e6d5c60, 0x00007fe01e6d5ce8]
Event: 6479,677 Thread 0x00007fe02c0b7000 11088       4       org.jruby.RubyString$INVOKER$i$1$0$include_p19::call (11 bytes)
Event: 6480,128 Thread 0x00007fe02c0ba000 nmethod 11087 0x00007fe01f0ada10 code [0x00007fe01f0adc00, 0x00007fe01f0ae3b8]
Event: 6480,135 Thread 0x00007fe02c0bc000 11089       3       org.jruby.util.io.EncodingUtils::encCrStrBufCat (344 bytes)
Event: 6480,145 Thread 0x00007fe02c0bc000 nmethod 11089 0x00007fe01f0b2dd0 code [0x00007fe01f0b3240, 0x00007fe01f0b6ee8]

GC Heap History (10 events):
Event: 895,684 GC heap before
{Heap before GC invocations=21 (full 4):
 PSYoungGen      total 162304K, used 13783K [0x00000000eab00000, 0x00000000f8000000, 0x0000000100000000)
  eden space 129536K, 0% used [0x00000000eab00000,0x00000000eab00000,0x00000000f2980000)
  from space 32768K, 42% used [0x00000000f2980000,0x00000000f36f5d28,0x00000000f4980000)
  to   space 30720K, 0% used [0x00000000f6200000,0x00000000f6200000,0x00000000f8000000)
 ParOldGen       total 60416K, used 31678K [0x00000000c0000000, 0x00000000c3b00000, 0x00000000eab00000)
  object space 60416K, 52% used [0x00000000c0000000,0x00000000c1eefa48,0x00000000c3b00000)
 Metaspace       used 73463K, capacity 74362K, committed 74880K, reserved 1110016K
  class space    used 13015K, capacity 13329K, committed 13440K, reserved 1048576K
Event: 896,151 GC heap after
Heap after GC invocations=21 (full 4):
 PSYoungGen      total 162304K, used 0K [0x00000000eab00000, 0x00000000f8000000, 0x0000000100000000)
  eden space 129536K, 0% used [0x00000000eab00000,0x00000000eab00000,0x00000000f2980000)
  from space 32768K, 0% used [0x00000000f2980000,0x00000000f2980000,0x00000000f4980000)
  to   space 30720K, 0% used [0x00000000f6200000,0x00000000f6200000,0x00000000f8000000)
 ParOldGen       total 60416K, used 44963K [0x00000000c0000000, 0x00000000c3b00000, 0x00000000eab00000)
  object space 60416K, 74% used [0x00000000c0000000,0x00000000c2be8c68,0x00000000c3b00000)
 Metaspace       used 73449K, capacity 74342K, committed 74880K, reserved 1110016K
  class space    used 13013K, capacity 13325K, committed 13440K, reserved 1048576K
}
Event: 6473,643 GC heap before
{Heap before GC invocations=22 (full 4):
 PSYoungGen      total 162304K, used 129536K [0x00000000eab00000, 0x00000000f8000000, 0x0000000100000000)
  eden space 129536K, 100% used [0x00000000eab00000,0x00000000f2980000,0x00000000f2980000)
  from space 32768K, 0% used [0x00000000f2980000,0x00000000f2980000,0x00000000f4980000)
  to   space 30720K, 0% used [0x00000000f6200000,0x00000000f6200000,0x00000000f8000000)
 ParOldGen       total 60416K, used 44963K [0x00000000c0000000, 0x00000000c3b00000, 0x00000000eab00000)
  object space 60416K, 74% used [0x00000000c0000000,0x00000000c2be8c68,0x00000000c3b00000)
 Metaspace       used 89144K, capacity 90214K, committed 90368K, reserved 1122304K
  class space    used 16528K, capacity 16871K, committed 16896K, reserved 1048576K
Event: 6473,695 GC heap after
Heap after GC invocations=22 (full 4):
 PSYoungGen      total 145408K, used 20496K [0x00000000eab00000, 0x00000000f7680000, 0x0000000100000000)
  eden space 124416K, 0% used [0x00000000eab00000,0x00000000eab00000,0x00000000f2480000)
  from space 20992K, 97% used [0x00000000f6200000,0x00000000f7604378,0x00000000f7680000)
  to   space 31744K, 0% used [0x00000000f3880000,0x00000000f3880000,0x00000000f5780000)
 ParOldGen       total 60416K, used 45065K [0x00000000c0000000, 0x00000000c3b00000, 0x00000000eab00000)
  object space 60416K, 74% used [0x00000000c0000000,0x00000000c2c02638,0x00000000c3b00000)
 Metaspace       used 89144K, capacity 90214K, committed 90368K, reserved 1122304K
  class space    used 16528K, capacity 16871K, committed 16896K, reserved 1048576K
}
Event: 6478,316 GC heap before
{Heap before GC invocations=23 (full 4):
 PSYoungGen      total 145408K, used 143744K [0x00000000eab00000, 0x00000000f7680000, 0x0000000100000000)
  eden space 124416K, 99% used [0x00000000eab00000,0x00000000f235c078,0x00000000f2480000)
  from space 20992K, 97% used [0x00000000f6200000,0x00000000f7604378,0x00000000f7680000)
  to   space 31744K, 0% used [0x00000000f3880000,0x00000000f3880000,0x00000000f5780000)
 ParOldGen       total 60416K, used 45065K [0x00000000c0000000, 0x00000000c3b00000, 0x00000000eab00000)
  object space 60416K, 74% used [0x00000000c0000000,0x00000000c2c02638,0x00000000c3b00000)
 Metaspace       used 95160K, capacity 96224K, committed 96384K, reserved 1128448K
  class space    used 17425K, capacity 17782K, committed 17792K, reserved 1048576K
Event: 6478,347 GC heap after
Heap after GC invocations=23 (full 4):
 PSYoungGen      total 144384K, used 24096K [0x00000000eab00000, 0x00000000f6280000, 0x0000000100000000)
  eden space 119808K, 0% used [0x00000000eab00000,0x00000000eab00000,0x00000000f2000000)
  from space 24576K, 98% used [0x00000000f3880000,0x00000000f50080a8,0x00000000f5080000)
  to   space 18432K, 0% used [0x00000000f5080000,0x00000000f5080000,0x00000000f6280000)
 ParOldGen       total 60416K, used 45081K [0x00000000c0000000, 0x00000000c3b00000, 0x00000000eab00000)
  object space 60416K, 74% used [0x00000000c0000000,0x00000000c2c06638,0x00000000c3b00000)
 Metaspace       used 95160K, capacity 96224K, committed 96384K, reserved 1128448K
  class space    used 17425K, capacity 17782K, committed 17792K, reserved 1048576K
}
Event: 6479,679 GC heap before
{Heap before GC invocations=24 (full 4):
 PSYoungGen      total 144384K, used 143445K [0x00000000eab00000, 0x00000000f6280000, 0x0000000100000000)
  eden space 119808K, 99% used [0x00000000eab00000,0x00000000f1f8d710,0x00000000f2000000)
  from space 24576K, 98% used [0x00000000f3880000,0x00000000f50080a8,0x00000000f5080000)
  to   space 18432K, 0% used [0x00000000f5080000,0x00000000f5080000,0x00000000f6280000)
 ParOldGen       total 60416K, used 45081K [0x00000000c0000000, 0x00000000c3b00000, 0x00000000eab00000)
  object space 60416K, 74% used [0x00000000c0000000,0x00000000c2c06638,0x00000000c3b00000)
 Metaspace       used 95198K, capacity 96288K, committed 96640K, reserved 1128448K
  class space    used 17425K, capacity 17782K, committed 17792K, reserved 1048576K
Event: 6479,706 GC heap after
Heap after GC invocations=24 (full 4):
 PSYoungGen      total 151552K, used 18425K [0x00000000eab00000, 0x00000000f7900000, 0x0000000100000000)
  eden space 133120K, 0% used [0x00000000eab00000,0x00000000eab00000,0x00000000f2d00000)
  from space 18432K, 99% used [0x00000000f5080000,0x00000000f627e598,0x00000000f6280000)
  to   space 36352K, 0% used [0x00000000f2d00000,0x00000000f2d00000,0x00000000f5080000)
 ParOldGen       total 60416K, used 55523K [0x00000000c0000000, 0x00000000c3b00000, 0x00000000eab00000)
  object space 60416K, 91% used [0x00000000c0000000,0x00000000c3638f40,0x00000000c3b00000)
 Metaspace       used 95198K, capacity 96288K, committed 96640K, reserved 1128448K
  class space    used 17425K, capacity 17782K, committed 17792K, reserved 1048576K
}
Event: 6479,706 GC heap before
{Heap before GC invocations=25 (full 5):
 PSYoungGen      total 151552K, used 18425K [0x00000000eab00000, 0x00000000f7900000, 0x0000000100000000)
  eden space 133120K, 0% used [0x00000000eab00000,0x00000000eab00000,0x00000000f2d00000)
  from space 18432K, 99% used [0x00000000f5080000,0x00000000f627e598,0x00000000f6280000)
  to   space 36352K, 0% used [0x00000000f2d00000,0x00000000f2d00000,0x00000000f5080000)
 ParOldGen       total 60416K, used 55523K [0x00000000c0000000, 0x00000000c3b00000, 0x00000000eab00000)
  object space 60416K, 91% used [0x00000000c0000000,0x00000000c3638f40,0x00000000c3b00000)
 Metaspace       used 95198K, capacity 96288K, committed 96640K, reserved 1128448K
  class space    used 17425K, capacity 17782K, committed 17792K, reserved 1048576K
Event: 6480,118 GC heap after
Heap after GC invocations=25 (full 5):
 PSYoungGen      total 151552K, used 8183K [0x00000000eab00000, 0x00000000f7900000, 0x0000000100000000)
  eden space 133120K, 0% used [0x00000000eab00000,0x00000000eab00000,0x00000000f2d00000)
  from space 18432K, 44% used [0x00000000f5080000,0x00000000f587dff0,0x00000000f6280000)
  to   space 36352K, 0% used [0x00000000f2d00000,0x00000000f2d00000,0x00000000f5080000)
 ParOldGen       total 114688K, used 59919K [0x00000000c0000000, 0x00000000c7000000, 0x00000000eab00000)
  object space 114688K, 52% used [0x00000000c0000000,0x00000000c3a83d58,0x00000000c7000000)
 Metaspace       used 94977K, capacity 95928K, committed 96640K, reserved 1128448K
  class space    used 17384K, capacity 17708K, committed 17792K, reserved 1048576K
}

Deoptimization events (10 events):
Event: 6478,197 Thread 0x00007fdfcc006000 Uncommon trap: reason=unstable_if action=reinterpret pc=0x00007fe01d3e7960 method=java.io.ObjectOutputStream$BlockDataOutputStream.getUTFLength(Ljava/lang/String;)J @ 73
Event: 6478,348 Thread 0x00007fe02c082800 Uncommon trap: reason=null_check action=make_not_entrant pc=0x00007fe01eb5242c method=org.jruby.internal.runtime.ThreadService.getCurrentContext()Lorg/jruby/runtime/ThreadContext; @ 15
Event: 6478,349 Thread 0x00007fdfcc006000 Uncommon trap: reason=null_check action=make_not_entrant pc=0x00007fe01ef6b68c method=org.joni.StackMachine.fetchStack()[Lorg/joni/StackEntry; @ 39
Event: 6478,452 Thread 0x00007fdfcc006000 Uncommon trap: reason=unstable_if action=reinterpret pc=0x00007fe01ef81138 method=org.jruby.util.collections.WeakValuedMap.cleanReferences()V @ 12
Event: 6478,454 Thread 0x00007fdfcc006000 Uncommon trap: reason=unstable_if action=reinterpret pc=0x00007fe01ee84310 method=org.jruby.runtime.ThreadContext.pushRubyClass(Lorg/jruby/RubyModule;)V @ 26
Event: 6478,455 Thread 0x00007fdfcc006000 Uncommon trap: reason=class_check action=maybe_recompile pc=0x00007fe01efdd6f8 method=org.jruby.ast.CallOneArgBlockNode.interpret(Lorg/jruby/Ruby;Lorg/jruby/runtime/ThreadContext;Lorg/jruby/runtime/builtin/IRubyObject;Lorg/jruby/runtime/Block;)Lorg/jruby/
Event: 6479,110 Thread 0x00007fdfcc006000 Uncommon trap: reason=unstable_if action=reinterpret pc=0x00007fe01ef709e8 method=org.joni.Matcher.searchInterruptible(III)I @ 83
Event: 6480,132 Thread 0x00007fdfcc006000 Uncommon trap: reason=unstable_if action=reinterpret pc=0x00007fe01efb5148 method=org.jruby.util.io.EncodingUtils.encCrStrBufCat(Lorg/jruby/Ruby;Lorg/jruby/RubyString;Lorg/jruby/util/ByteList;Lorg/jcodings/Encoding;I[I)V @ 35
Event: 6480,135 Thread 0x00007fe02c082800 Uncommon trap: reason=unstable_if action=reinterpret pc=0x00007fe01e381770 method=java.lang.ref.SoftReference.get()Ljava/lang/Object; @ 6
Event: 6480,142 Thread 0x00007fe02c082800 Uncommon trap: reason=null_check action=make_not_entrant pc=0x00007fe01ddaf9cc method=org.jruby.internal.runtime.ThreadService.getCurrentContext()Lorg/jruby/runtime/ThreadContext; @ 15

Internal exceptions (10 events):
Event: 6475,367 Thread 0x00007fdfcc006000 Exception <a 'java/lang/UnsatisfiedLinkError': /usr/lib64/libcrypt.so.1: undefined symbol: fstat64> (0x00000000edf1a348) thrown at [/HUDSON3/workspace/8-2-build-linux-amd64/jdk8u74/6087/hotspot/src/share/vm/prims/jni.cpp, line 735]
Event: 6475,367 Thread 0x00007fdfcc006000 Exception <a 'java/lang/UnsatisfiedLinkError': /lib64/libc.so.6: undefined symbol: lstat64> (0x00000000edf1cf00) thrown at [/HUDSON3/workspace/8-2-build-linux-amd64/jdk8u74/6087/hotspot/src/share/vm/prims/jni.cpp, line 735]
Event: 6475,367 Thread 0x00007fdfcc006000 Exception <a 'java/lang/UnsatisfiedLinkError': /usr/lib64/libcrypt.so.1: undefined symbol: lstat64> (0x00000000edf1db58) thrown at [/HUDSON3/workspace/8-2-build-linux-amd64/jdk8u74/6087/hotspot/src/share/vm/prims/jni.cpp, line 735]
Event: 6475,430 Thread 0x00007fdfcc006000 Exception <a 'java/lang/UnsatisfiedLinkError': /lib64/libc.so.6: undefined symbol: stat> (0x00000000ee0adad0) thrown at [/HUDSON3/workspace/8-2-build-linux-amd64/jdk8u74/6087/hotspot/src/share/vm/prims/jni.cpp, line 735]
Event: 6475,430 Thread 0x00007fdfcc006000 Exception <a 'java/lang/UnsatisfiedLinkError': /usr/lib64/libcrypt.so.1: undefined symbol: stat> (0x00000000ee0ae720) thrown at [/HUDSON3/workspace/8-2-build-linux-amd64/jdk8u74/6087/hotspot/src/share/vm/prims/jni.cpp, line 735]
Event: 6475,564 Thread 0x00007fdfcc006000 Implicit null exception at 0x00007fe01ea6bcb4 to 0x00007fe01ea6bd9d
Event: 6478,348 Thread 0x00007fe02c082800 Implicit null exception at 0x00007fe01eb522ff to 0x00007fe01eb5241d
Event: 6478,349 Thread 0x00007fdfcc006000 Implicit null exception at 0x00007fe01ef6b353 to 0x00007fe01ef6b675
Event: 6480,135 Thread 0x00007fe02c082800 Implicit null exception at 0x00007fe01e381656 to 0x00007fe01e381761
Event: 6480,142 Thread 0x00007fe02c082800 Implicit null exception at 0x00007fe01ddaf8c1 to 0x00007fe01ddaf9bd

Events (10 events):
Event: 6480,144 Executing VM operation: RevokeBias
Event: 6480,144 Executing VM operation: RevokeBias done
Event: 6480,144 Executing VM operation: RevokeBias
Event: 6480,144 Executing VM operation: RevokeBias done
Event: 6480,144 Executing VM operation: RevokeBias
Event: 6480,144 Executing VM operation: RevokeBias done
Event: 6480,144 Executing VM operation: RevokeBias
Event: 6480,144 Executing VM operation: RevokeBias done
Event: 6480,144 Executing VM operation: RevokeBias
Event: 6480,145 Executing VM operation: RevokeBias done


Dynamic libraries:
00400000-00401000 r-xp 00000000 fd:00 3019829                            /usr/java/jdk1.8.0_74/bin/java
00600000-00601000 rw-p 00000000 fd:00 3019829                            /usr/java/jdk1.8.0_74/bin/java
019bd000-019de000 rw-p 00000000 00:00 0                                  [heap]
c0000000-c7000000 rw-p 00000000 00:00 0 
c7000000-eab00000 ---p 00000000 00:00 0 
eab00000-f7900000 rw-p 00000000 00:00 0 
f7900000-100000000 ---p 00000000 00:00 0 
100000000-101160000 rw-p 00000000 00:00 0 
101160000-140000000 ---p 00000000 00:00 0 
7fdfbb0d8000-7fdfbb1d8000 rw-p 00000000 00:00 0 
7fdfbb1d8000-7fdfbb2d8000 ---p 00000000 00:00 0 
7fdfbb2d8000-7fdfbb4d8000 rw-p 00000000 00:00 0 
7fdfbb4d8000-7fdfbb4ea000 r-xp 00000000 00:23 120332                     /tmp/jffi8359335930917897219.so (deleted)
7fdfbb4ea000-7fdfbb6e9000 ---p 00012000 00:23 120332                     /tmp/jffi8359335930917897219.so (deleted)
7fdfbb6e9000-7fdfbb6ea000 rw-p 00011000 00:23 120332                     /tmp/jffi8359335930917897219.so (deleted)
7fdfbc000000-7fdfbc021000 rw-p 00000000 00:00 0 
7fdfbc021000-7fdfc0000000 ---p 00000000 00:00 0 
7fdfc0000000-7fdfc0021000 rw-p 00000000 00:00 0 
7fdfc0021000-7fdfc4000000 ---p 00000000 00:00 0 
7fdfc4000000-7fdfc4637000 rw-p 00000000 00:00 0 
7fdfc4637000-7fdfc8000000 ---p 00000000 00:00 0 
7fdfc8000000-7fdfc950c000 rw-p 00000000 00:00 0 
7fdfc950c000-7fdfcc000000 ---p 00000000 00:00 0 
7fdfcc000000-7fdfcc021000 rw-p 00000000 00:00 0 
7fdfcc021000-7fdfd0000000 ---p 00000000 00:00 0 
7fdfd0000000-7fdfd066f000 rw-p 00000000 00:00 0 
7fdfd066f000-7fdfd4000000 ---p 00000000 00:00 0 
7fdfd4000000-7fdfd4021000 rw-p 00000000 00:00 0 
7fdfd4021000-7fdfd8000000 ---p 00000000 00:00 0 
7fdfd8000000-7fdfd802b000 rw-p 00000000 00:00 0 
7fdfd802b000-7fdfdc000000 ---p 00000000 00:00 0 
7fdfdc000000-7fdfdde6d000 rw-p 00000000 00:00 0 
7fdfdde6d000-7fdfe0000000 ---p 00000000 00:00 0 
7fdfe0000000-7fdfe0021000 rw-p 00000000 00:00 0 
7fdfe0021000-7fdfe4000000 ---p 00000000 00:00 0 
7fdfe4000000-7fdfe60a9000 rw-p 00000000 00:00 0 
7fdfe60a9000-7fdfe8000000 ---p 00000000 00:00 0 
7fdfe8000000-7fdfe9c12000 rw-p 00000000 00:00 0 
7fdfe9c12000-7fdfec000000 ---p 00000000 00:00 0 
7fdfec000000-7fdfec021000 rw-p 00000000 00:00 0 
7fdfec021000-7fdff0000000 ---p 00000000 00:00 0 
7fdff012a000-7fdff032a000 rw-p 00000000 00:00 0 
7fdff032a000-7fdff052a000 rw-p 00000000 00:00 0 
7fdff052a000-7fdff072a000 rw-p 00000000 00:00 0 
7fdff072a000-7fdff092a000 rw-p 00000000 00:00 0 
7fdff092a000-7fdff0b2a000 rw-p 00000000 00:00 0 
7fdff0b2a000-7fdff0b3c000 r-xp 00000000 00:23 80089                      /tmp/jffi5374307054235857033.so (deleted)
7fdff0b3c000-7fdff0d3b000 ---p 00012000 00:23 80089                      /tmp/jffi5374307054235857033.so (deleted)
7fdff0d3b000-7fdff0d3c000 rw-p 00011000 00:23 80089                      /tmp/jffi5374307054235857033.so (deleted)
7fdff0d3c000-7fdff0f3c000 rw-p 00000000 00:00 0 
7fdff0f3c000-7fdff113c000 rw-p 00000000 00:00 0 
7fdff113c000-7fdff133c000 rw-p 00000000 00:00 0 
7fdff133c000-7fdff153c000 rw-p 00000000 00:00 0 
7fdff153c000-7fdff8000000 r--p 00000000 fd:00 2233638                    /usr/lib/locale/locale-archive
7fdff8000000-7fdff8021000 rw-p 00000000 00:00 0 
7fdff8021000-7fdffc000000 ---p 00000000 00:00 0 
7fdffc000000-7fdffc021000 rw-p 00000000 00:00 0 
7fdffc021000-7fe000000000 ---p 00000000 00:00 0 
7fe000000000-7fe000021000 rw-p 00000000 00:00 0 
7fe000021000-7fe004000000 ---p 00000000 00:00 0 
7fe004000000-7fe00413c000 rw-p 00000000 00:00 0 
7fe00413c000-7fe008000000 ---p 00000000 00:00 0 
7fe008000000-7fe00802a000 rw-p 00000000 00:00 0 
7fe00802a000-7fe00c000000 ---p 00000000 00:00 0 
7fe00c038000-7fe00c238000 rw-p 00000000 00:00 0 
7fe00c238000-7fe00c438000 rw-p 00000000 00:00 0 
7fe00c438000-7fe00c441000 r-xp 00000000 fd:00 4719284                    /usr/java/jdk1.8.0_74/jre/lib/amd64/libmanagement.so
7fe00c441000-7fe00c640000 ---p 00009000 fd:00 4719284                    /usr/java/jdk1.8.0_74/jre/lib/amd64/libmanagement.so
7fe00c640000-7fe00c641000 rw-p 00008000 fd:00 4719284                    /usr/java/jdk1.8.0_74/jre/lib/amd64/libmanagement.so
7fe00c757000-7fe00c957000 rw-p 00000000 00:00 0 
7fe00c957000-7fe00cb57000 rw-p 00000000 00:00 0 
7fe00cb57000-7fe00cd57000 rw-p 00000000 00:00 0 
7fe00cd57000-7fe00cf57000 rw-p 00000000 00:00 0 
7fe00cf57000-7fe00d157000 rw-p 00000000 00:00 0 
7fe00d157000-7fe00d1d1000 r-xp 00000000 fd:00 2232470                    /usr/lib64/libfreebl3.so
7fe00d1d1000-7fe00d3d0000 ---p 0007a000 fd:00 2232470                    /usr/lib64/libfreebl3.so
7fe00d3d0000-7fe00d3d2000 r--p 00079000 fd:00 2232470                    /usr/lib64/libfreebl3.so
7fe00d3d2000-7fe00d3d3000 rw-p 0007b000 fd:00 2232470                    /usr/lib64/libfreebl3.so
7fe00d3d3000-7fe00d3d7000 rw-p 00000000 00:00 0 
7fe00d3fb000-7fe00d402000 r-xp 00000000 fd:00 2229281                    /usr/lib64/libcrypt-2.22.so
7fe00d402000-7fe00d601000 ---p 00007000 fd:00 2229281                    /usr/lib64/libcrypt-2.22.so
7fe00d601000-7fe00d602000 r--p 00006000 fd:00 2229281                    /usr/lib64/libcrypt-2.22.so
7fe00d602000-7fe00d603000 rw-p 00007000 fd:00 2229281                    /usr/lib64/libcrypt-2.22.so
7fe00d603000-7fe00d831000 rw-p 00000000 00:00 0 
7fe00d831000-7fe00da31000 rw-p 00000000 00:00 0 
7fe00dc43000-7fe00de43000 rw-p 00000000 00:00 0 
7fe00de43000-7fe00e043000 rw-p 00000000 00:00 0 
7fe00e043000-7fe00e243000 rw-p 00000000 00:00 0 
7fe00e243000-7fe00e269000 r--p 00000000 fd:00 3802596                    /usr/share/locale/de/LC_MESSAGES/libc.mo
7fe00e269000-7fe00e469000 rw-p 00000000 00:00 0 
7fe00e469000-7fe00e669000 rw-p 00000000 00:00 0 
7fe00e669000-7fe00e869000 rw-p 00000000 00:00 0 
7fe00e869000-7fe00ea69000 rw-p 00000000 00:00 0 
7fe00ea69000-7fe00eac7000 r--s 00592000 fd:02 1048610                    /home/tim/.gradle/caches/modules-2/files-2.1/org.codehaus.groovy/groovy-all/1.8.9/5396699e9d96c5c75d75ae95aa49acd5af048aac/groovy-all-1.8.9.jar
7fe00eac7000-7fe00ebfc000 r--s 0155b000 fd:02 1048606                    /home/tim/.gradle/caches/modules-2/files-2.1/org.jruby/jruby-complete/1.7.21/e061b9f399a5e8d5cfcca84d4a6baf879111e83c/jruby-complete-1.7.21.jar
7fe00ebfc000-7fe00edfc000 rw-p 00000000 00:00 0 
7fe00edfc000-7fe00effc000 rw-p 00000000 00:00 0 
7fe00effc000-7fe00efff000 ---p 00000000 00:00 0 
7fe00efff000-7fe00f2fd000 rw-p 00000000 00:00 0                          [stack:7710]
7fe00f2fd000-7fe00f4fd000 rw-p 00000000 00:00 0 
7fe00f4fd000-7fe00f6fd000 rw-p 00000000 00:00 0 
7fe00f6fd000-7fe00f8fd000 rw-p 00000000 00:00 0 
7fe00f8fd000-7fe00fafd000 rw-p 00000000 00:00 0 
7fe00fafd000-7fe00fcfd000 rw-p 00000000 00:00 0 
7fe00fcfd000-7fe00fd00000 ---p 00000000 00:00 0 
7fe00fd00000-7fe00fdfe000 rw-p 00000000 00:00 0                          [stack:12081]
7fe00fdfe000-7fe00fe01000 ---p 00000000 00:00 0 
7fe00fe01000-7fe00feff000 rw-p 00000000 00:00 0                          [stack:12079]
7fe00feff000-7fe00ff02000 ---p 00000000 00:00 0 
7fe00ff02000-7fe010000000 rw-p 00000000 00:00 0                          [stack:12078]
7fe010000000-7fe010021000 rw-p 00000000 00:00 0 
7fe010021000-7fe014000000 ---p 00000000 00:00 0 
7fe014009000-7fe01400a000 rw-p 00000000 00:00 0 
7fe01400a000-7fe014010000 r-xp 00000000 00:00 0 
7fe014010000-7fe014011000 r--p 00000000 fd:00 3804312                    /usr/share/locale/en_GB/LC_MESSAGES/libc.mo
7fe014011000-7fe014013000 r--s 0001a000 fd:00 4719481                    /usr/java/jdk1.8.0_74/jre/lib/jce.jar
7fe014013000-7fe014015000 r--s 0000d000 fd:02 1048608                    /home/tim/.gradle/caches/modules-2/files-2.1/com.beust/jcommander/1.35/47592e181b0bdbbeb63029e08c5e74f6803c4edd/jcommander-1.35.jar
7fe014015000-7fe014017000 r--s 00009000 fd:02 1048604                    /home/tim/.gradle/caches/modules-2/files-2.1/org.asciidoctor/asciidoctorj-groovy-dsl/1.0.0.preview2/bc0d4db38efa60f34c99687f42789a3ab1458c50/asciidoctorj-groovy-dsl-1.0.0.preview2.jar
7fe014017000-7fe014023000 r--s 000a1000 fd:02 1048602                    /home/tim/.gradle/caches/modules-2/files-2.1/org.asciidoctor/asciidoctorj/1.5.3.2/1ac9c45a20d567089425d9e63f8928287c8b0860/asciidoctorj-1.5.3.2.jar
7fe014023000-7fe014025000 r--s 0000d000 fd:02 918477                     /home/tim/.gradle/caches/modules-2/files-2.1/org.asciidoctor/asciidoctor-gradle-plugin/1.5.3/ed827afd210a6bce6d597a89400e61c56c8de57f/asciidoctor-gradle-plugin-1.5.3.jar
7fe014025000-7fe01409e000 r--s 010d5000 fd:00 3952004                    /usr/java/jdk1.8.0_74/lib/tools.jar
7fe01409e000-7fe0140a5000 r--s 00000000 fd:00 2494913                    /usr/lib64/gconv/gconv-modules.cache
7fe0140a5000-7fe0140a8000 ---p 00000000 00:00 0 
7fe0140a8000-7fe0141a6000 rw-p 00000000 00:00 0                          [stack:12080]
7fe0141a6000-7fe0141a9000 ---p 00000000 00:00 0 
7fe0141a9000-7fe0142a7000 rw-p 00000000 00:00 0                          [stack:12077]
7fe0142a7000-7fe0142aa000 ---p 00000000 00:00 0 
7fe0142aa000-7fe0143a8000 rw-p 00000000 00:00 0                          [stack:7702]
7fe0143a8000-7fe0143ad000 r--s 00096000 fd:00 4719552                    /usr/java/jdk1.8.0_74/jre/lib/jsse.jar
7fe0143ad000-7fe0143be000 r-xp 00000000 fd:00 4719287                    /usr/java/jdk1.8.0_74/jre/lib/amd64/libnio.so
7fe0143be000-7fe0145bd000 ---p 00011000 fd:00 4719287                    /usr/java/jdk1.8.0_74/jre/lib/amd64/libnio.so
7fe0145bd000-7fe0145be000 rw-p 00010000 fd:00 4719287                    /usr/java/jdk1.8.0_74/jre/lib/amd64/libnio.so
7fe0145be000-7fe0145d4000 r-xp 00000000 fd:00 4719286                    /usr/java/jdk1.8.0_74/jre/lib/amd64/libnet.so
7fe0145d4000-7fe0147d4000 ---p 00016000 fd:00 4719286                    /usr/java/jdk1.8.0_74/jre/lib/amd64/libnet.so
7fe0147d4000-7fe0147d5000 rw-p 00016000 fd:00 4719286                    /usr/java/jdk1.8.0_74/jre/lib/amd64/libnet.so
7fe0147d5000-7fe0147d7000 r--s 00003000 fd:00 5117400                    /usr/share/java/gradle/gradle-tooling-api-builders.jar
7fe0147d7000-7fe0147d9000 r--s 00003000 fd:00 5117394                    /usr/share/java/gradle/gradle-resources-sftp.jar
7fe0147d9000-7fe0147da000 r--s 00001000 fd:00 5117388                    /usr/share/java/gradle/gradle-plugin-development.jar
7fe0147da000-7fe0147dc000 r--s 00005000 fd:00 5117399                    /usr/share/java/gradle/gradle-testing-native.jar
7fe0147dc000-7fe0147e1000 r--s 0002b000 fd:00 5117365                    /usr/share/java/gradle/gradle-ide-native.jar
7fe0147e1000-7fe0147e6000 r--s 00019000 fd:00 5117374                    /usr/share/java/gradle/gradle-language-native.jar
7fe0147e6000-7fe0147eb000 r--s 00022000 fd:00 5117387                    /usr/share/java/gradle/gradle-platform-play.jar
7fe0147eb000-7fe0147f7000 r--s 00051000 fd:00 5117386                    /usr/share/java/gradle/gradle-platform-native.jar
7fe0147f7000-7fe0147fa000 r--s 00007000 fd:00 5117375                    /usr/share/java/gradle/gradle-language-scala.jar
7fe0147fa000-7fe0147fc000 r--s 00009000 fd:00 5117371                    /usr/share/java/gradle/gradle-language-groovy.jar
7fe0147fc000-7fe014802000 r--s 00025000 fd:00 5117372                    /usr/share/java/gradle/gradle-language-java.jar
7fe014802000-7fe014804000 r--s 00008000 fd:00 5117373                    /usr/share/java/gradle/gradle-language-jvm.jar
7fe014804000-7fe014806000 r--s 00009000 fd:00 5117385                    /usr/share/java/gradle/gradle-platform-jvm.jar
7fe014806000-7fe01480d000 r--s 00025000 fd:00 5117384                    /usr/share/java/gradle/gradle-platform-base.jar
7fe01480d000-7fe014812000 r--s 0001f000 fd:00 5117356                    /usr/share/java/gradle/gradle-build-init.jar
7fe014812000-7fe014815000 r--s 00017000 fd:00 5117368                    /usr/share/java/gradle/gradle-jacoco.jar
7fe014815000-7fe014819000 r--s 0000d000 fd:00 5117367                    /usr/share/java/gradle/gradle-ivy.jar
7fe014819000-7fe01481b000 r--s 00002000 fd:00 5117391                    /usr/share/java/gradle/gradle-publish.jar
7fe01481b000-7fe01481d000 r--s 00005000 fd:00 3306098                    /usr/share/java/jatl.jar
7fe01481d000-7fe014820000 r--s 00006000 fd:00 5117392                    /usr/share/java/gradle/gradle-reporting.jar
7fe014820000-7fe014826000 r--s 00029000 fd:00 5117362                    /usr/share/java/gradle/gradle-diagnostics.jar
7fe014826000-7fe01482d000 r--s 00233000 fd:00 5117355                    /usr/share/java/gradle/gradle-build-comparison.jar
7fe01482d000-7fe014839000 r--s 00118000 fd:00 3306091                    /usr/share/java/js.jar
7fe014839000-7fe01483e000 r--s 0001b000 fd:00 5117369                    /usr/share/java/gradle/gradle-javascript.jar
7fe01483e000-7fe014840000 r--s 0000b000 fd:00 5117364                    /usr/share/java/gradle/gradle-ear.jar
7fe014840000-7fe014847000 r--s 0004e000 fd:00 3306082                    /usr/share/java/bcpg.jar
7fe014847000-7fe01484a000 r--s 00016000 fd:00 5117397                    /usr/share/java/gradle/gradle-signing.jar
7fe01484a000-7fe01484b000 r--s 00002000 fd:00 3306072                    /usr/share/java/sonar/sonar-batch-bootstrapper.jar
7fe01484b000-7fe01484e000 r--s 00015000 fd:00 5117398                    /usr/share/java/gradle/gradle-sonar.jar
7fe01484e000-7fe014851000 r--s 00010000 fd:00 5117396                    /usr/share/java/gradle/gradle-scala.jar
7fe014851000-7fe014853000 r--s 0000a000 fd:00 5117351                    /usr/share/java/gradle/gradle-announce.jar
7fe014853000-7fe014861000 r--s 00095000 fd:00 5117366                    /usr/share/java/gradle/gradle-ide.jar
7fe014861000-7fe014864000 r--s 0000d000 fd:00 4068897                    /usr/share/java/tesla-polyglot/polyglot-groovy.jar
7fe014864000-7fe014866000 r--s 00005000 fd:00 4068588                    /usr/share/java/tesla-polyglot/polyglot-common.jar
7fe014866000-7fe01486b000 r--s 00022000 fd:00 5117377                    /usr/share/java/gradle/gradle-maven.jar
7fe01486b000-7fe01487b000 r--s 0010b000 fd:00 5117177                    /usr/share/java/aqute-bnd/biz.aQute.bndlib.jar
7fe01487b000-7fe01487c000 r--s 00004000 fd:00 5117383                    /usr/share/java/gradle/gradle-osgi.jar
7fe01487c000-7fe01487e000 r--s 00007000 fd:00 5117352                    /usr/share/java/gradle/gradle-antlr.jar
7fe01487e000-7fe014891000 r--s 0021f000 fd:00 3304614                    /usr/share/java/ecj.jar
7fe014891000-7fe014893000 r--s 0001a000 fd:00 3545105                    /usr/share/java/jetty/jetty-servlet.jar
7fe014893000-7fe014896000 r--s 00014000 fd:00 3545102                    /usr/share/java/jetty/jetty-security.jar
7fe014896000-7fe014898000 r--s 0000b000 fd:00 3544474                    /usr/share/java/jetty/jetty-xml.jar
7fe014898000-7fe01489a000 r--s 00019000 fd:00 3545108                    /usr/share/java/jetty/jetty-webapp.jar
7fe01489a000-7fe01489b000 r--s 00003000 fd:00 3305967                    /usr/share/java/geronimo-annotation.jar
7fe01489b000-7fe01489e000 r--s 00011000 fd:00 3545155                    /usr/share/java/jetty/jetty-annotations.jar
7fe01489e000-7fe01489f000 r--s 00002000 fd:00 3545161                    /usr/share/java/jetty/apache-jsp.jar
7fe01489f000-7fe0148a1000 r--s 0000c000 fd:00 3545111                    /usr/share/java/jetty/jetty-plus.jar
7fe0148a1000-7fe0148a4000 r--s 00012000 fd:00 3305325                    /usr/share/java/glassfish-servlet-api.jar
7fe0148a4000-7fe0148ab000 r--s 0005b000 fd:00 3542048                    /usr/share/java/jetty/jetty-util.jar
7fe0148ab000-7fe0148b2000 r--s 00069000 fd:00 3545099                    /usr/share/java/jetty/jetty-server.jar
7fe0148b2000-7fe0148b4000 r--s 00009000 fd:00 5117370                    /usr/share/java/gradle/gradle-jetty.jar
7fe0148b4000-7fe0148b9000 r--s 00034000 fd:00 5117358                    /usr/share/java/gradle/gradle-code-quality.jar
7fe0148b9000-7fe0148bb000 r--s 0000e000 fd:00 3305609                    /usr/share/java/beust-jcommander.jar
7fe0148bb000-7fe0148c0000 r--s 00039000 fd:00 3305994                    /usr/share/java/bsh.jar
7fe0148c0000-7fe0148c2000 r--s 0000c000 fd:00 3305595                    /usr/share/java/commons-cli.jar
7fe0148c2000-7fe0148cf000 r--s 000be000 fd:00 3305999                    /usr/share/java/testng.jar
7fe0148cf000-7fe0148d7000 r--s 00047000 fd:00 3306053                    /usr/share/java/junit.jar
7fe0148d7000-7fe0148e3000 r--s 00073000 fd:00 5117390                    /usr/share/java/gradle/gradle-plugins.jar
7fe0148e3000-7fe0148fc000 r--s 00132000 fd:00 3305535                    /usr/share/java/xerces-j2.jar
7fe0148fc000-7fe014905000 r--s 0002d000 fd:00 3305318                    /usr/share/java/xml-commons-apis.jar
7fe014905000-7fe01490b000 r--s 00060000 fd:00 3306097                    /usr/share/java/jcifs.jar
7fe01490b000-7fe014912000 r--s 0003f000 fd:00 3305323                    /usr/share/java/commons-codec.jar
7fe014912000-7fe014919000 r--s 00049000 fd:00 3305329                    /usr/share/java/httpcomponents/httpcore.jar
7fe014919000-7fe01491c000 r--s 0001c000 fd:00 3306133                    /usr/share/java/nekohtml.jar
7fe01491c000-7fe014929000 r--s 00099000 fd:00 3308681                    /usr/share/java/httpcomponents/httpclient.jar
7fe014929000-7fe01492c000 r--s 00007000 fd:00 5117393                    /usr/share/java/gradle/gradle-resources-http.jar
7fe01492c000-7fe01492f000 r--s 00010000 fd:00 5117389                    /usr/share/java/gradle/gradle-plugin-use.jar
7fe01492f000-7fe014934000 r--s 00027000 fd:00 5117062                    /usr/share/java/maven/maven-model-builder.jar
7fe014934000-7fe014937000 r--s 0000c000 fd:00 5117057                    /usr/share/java/maven/maven-artifact.jar
7fe014937000-7fe014939000 r--s 0000a000 fd:00 5117066                    /usr/share/java/maven/maven-settings-builder.jar
7fe014939000-7fe01493b000 r--s 0000b000 fd:00 5117064                    /usr/share/java/maven/maven-plugin-api.jar
7fe01493b000-7fe01493d000 r--s 00006000 fd:00 3541982                    /usr/share/java/aether/aether-spi.jar
7fe01493d000-7fe01493f000 r--s 00008000 fd:00 3544999                    /usr/share/java/maven-wagon/http.jar
7fe01493f000-7fe014945000 r--s 0002d000 fd:00 3306013                    /usr/share/java/org.eclipse.sisu.plexus.jar
7fe014945000-7fe014947000 r--s 00005000 fd:00 3544471                    /usr/share/java/aether/aether-transport-wagon.jar
7fe014947000-7fe01494a000 r--s 00011000 fd:00 3542324                    /usr/share/java/plexus/interpolation.jar
7fe01494a000-7fe01494c000 r--s 00027000 fd:00 5117063                    /usr/share/java/maven/maven-model.jar
7fe01494c000-7fe01494f000 r--s 0000c000 fd:00 3542061                    /usr/share/java/maven-wagon/provider-api.jar
7fe01494f000-7fe014952000 r--s 0002a000 fd:00 3542261                    /usr/share/java/aether/aether-impl.jar
7fe014952000-7fe014953000 r--s 00005000 fd:00 3544449                    /usr/share/java/plexus/plexus-sec-dispatcher.jar
7fe014953000-7fe014954000 r--s 00007000 fd:00 5117065                    /usr/share/java/maven/maven-repository-metadata.jar
7fe014954000-7fe014956000 r--s 00002000 fd:00 3542315                    /usr/share/java/plexus/plexus-cipher.jar
7fe014956000-7fe01495b000 r--s 00021000 fd:00 3541979                    /usr/share/java/aether/aether-util.jar
7fe01495b000-7fe01495c000 r--s 00003000 fd:00 3545087                    /usr/share/java/maven-wagon/file.jar
7fe01495c000-7fe01495e000 r--s 0000b000 fd:00 3305505                    /usr/share/java/plexus-classworlds.jar
7fe01495e000-7fe014960000 r--s 00008000 fd:00 3542258                    /usr/share/java/aether/aether-connector-basic.jar
7fe014960000-7fe014961000 r--s 00004000 fd:00 5117058                    /usr/share/java/maven/maven-builder-support.jar
7fe014961000-7fe014962000 r--s 00003000 fd:00 3544996                    /usr/share/java/maven-wagon/http-shared.jar
7fe014962000-7fe01496b000 r--s 00060000 fd:00 3417239                    /usr/share/java/guice/google-guice-no_aop.jar
7fe01496b000-7fe01496c000 r--s 0000b000 fd:00 5117067                    /usr/share/java/maven/maven-settings.jar
7fe01496c000-7fe014973000 r--s 0003f000 fd:00 3306008                    /usr/share/java/org.eclipse.sisu.inject.jar
7fe014973000-7fe014975000 r--s 00000000 fd:00 3417211                    /usr/share/java/plexus-containers/plexus-component-annotations.jar
7fe014975000-7fe01497a000 r--s 0001e000 fd:00 3541918                    /usr/share/java/aether/aether-api.jar
7fe01497a000-7fe01497d000 r--s 0000f000 fd:00 5117056                    /usr/share/java/maven/maven-aether-provider.jar
7fe01497d000-7fe014983000 r--s 00041000 fd:00 5117059                    /usr/share/java/maven/maven-compat.jar
7fe014983000-7fe014987000 r--s 0003b000 fd:00 3542056                    /usr/share/java/plexus/utils.jar
7fe014987000-7fe01498c000 r--s 00040000 fd:00 3306094                    /usr/share/java/jsch.jar
7fe01498c000-7fe0149d0000 r--s 003cd000 fd:00 3306021                    /usr/share/java/bcprov.jar
7fe0149d0000-7fe0149dd000 r--s 0008d000 fd:00 5117060                    /usr/share/java/maven/maven-core.jar
7fe0149dd000-7fe0149f2000 r--s 00125000 fd:00 5116987                    /usr/share/java/apache-ivy/ivy.jar
7fe0149f2000-7fe014a08000 r-xp 00000000 fd:00 2233559                    /usr/lib64/libgcc_s-5.3.1-20151207.so.1
7fe014a08000-7fe014c07000 ---p 00016000 fd:00 2233559                    /usr/lib64/libgcc_s-5.3.1-20151207.so.1
7fe014c07000-7fe014c08000 r--p 00015000 fd:00 2233559                    /usr/lib64/libgcc_s-5.3.1-20151207.so.1
7fe014c08000-7fe014c09000 rw-p 00016000 fd:00 2233559                    /usr/lib64/libgcc_s-5.3.1-20151207.so.1
7fe014c09000-7fe014d7b000 r-xp 00000000 fd:00 2236100                    /usr/lib64/libstdc++.so.6.0.21
7fe014d7b000-7fe014f7b000 ---p 00172000 fd:00 2236100                    /usr/lib64/libstdc++.so.6.0.21
7fe014f7b000-7fe014f85000 r--p 00172000 fd:00 2236100                    /usr/lib64/libstdc++.so.6.0.21
7fe014f85000-7fe014f87000 rw-p 0017c000 fd:00 2236100                    /usr/lib64/libstdc++.so.6.0.21
7fe014f87000-7fe014f8b000 rw-p 00000000 00:00 0 
7fe014f8b000-7fe014f8f000 r--s 0001f000 fd:00 4198627                    /usr/share/java/xbean/xbean-reflect.jar
7fe014f8f000-7fe014f94000 r--s 00030000 fd:00 3306114                    /usr/share/java/google-gson/gson.jar
7fe014f94000-7fe014faf000 r--s 000c6000 fd:00 5117360                    /usr/share/java/gradle/gradle-dependency-management.jar
7fe014faf000-7fe014fb2000 r-xp 00000000 fd:00 2497048                    /usr/lib64/native-platform/libnative-platform.so
7fe014fb2000-7fe0151b1000 ---p 00003000 fd:00 2497048                    /usr/lib64/native-platform/libnative-platform.so
7fe0151b1000-7fe0151b2000 r--p 00002000 fd:00 2497048                    /usr/lib64/native-platform/libnative-platform.so
7fe0151b2000-7fe0151b3000 rw-p 00000000 00:00 0 
7fe0151b3000-7fe0151b5000 r--s 00005000 fd:00 5117403                    /usr/share/java/gradle/gradle-wrapper.jar
7fe0151b5000-7fe0151c1000 r--s 00035000 fd:00 5117401                    /usr/share/java/gradle/gradle-tooling-api.jar
7fe0151c1000-7fe0151c3000 r--s 00002000 fd:00 5117382                    /usr/share/java/gradle/gradle-open-api.jar
7fe0151c3000-7fe0151c8000 r--s 00033000 fd:00 3305968                    /usr/share/java/jaxen.jar
7fe0151c8000-7fe0151cd000 r--s 00045000 fd:00 5116754                    /usr/share/java/dom4j/dom4j.jar
7fe0151cd000-7fe0151d8000 r--s 00059000 fd:00 5117402                    /usr/share/java/gradle/gradle-ui.jar
7fe0151d8000-7fe0151da000 r--s 00008000 fd:00 5117395                    /usr/share/java/gradle/gradle-resources.jar
7fe0151da000-7fe0151dd000 r--s 0000a000 fd:00 3305973                    /usr/share/java/objenesis/objenesis.jar
7fe0151dd000-7fe0151de000 r--s 00001000 fd:00 3306038                    /usr/share/java/minlog.jar
7fe0151de000-7fe0151e0000 r--s 00004000 fd:00 3306007                    /usr/share/java/reflectasm.jar
7fe0151e0000-7fe0151e6000 r--s 00041000 fd:00 3306080                    /usr/share/java/kryo.jar
7fe0151e6000-7fe0151ee000 r--s 0003c000 fd:00 5117378                    /usr/share/java/gradle/gradle-messaging.jar
7fe0151ee000-7fe0151ef000 r--s 00007000 fd:00 3543881                    /usr/share/java/jansi/jansi.jar
7fe0151ef000-7fe0151f2000 r--s 0000c000 fd:00 2366542                    /usr/lib/java/native-platform.jar
7fe0151f2000-7fe0151f5000 r--s 00023000 fd:00 3306065                    /usr/share/java/jna.jar
7fe0151f5000-7fe0151f7000 r--s 00008000 fd:00 5117381                    /usr/share/java/gradle/gradle-native.jar
7fe0151f7000-7fe0151f9000 r--s 00005000 fd:00 5117357                    /usr/share/java/gradle/gradle-cli.jar
7fe0151f9000-7fe0151fb000 r--s 00006000 fd:00 5117380                    /usr/share/java/gradle/gradle-model-groovy.jar
7fe0151fb000-7fe015205000 r--s 0004f000 fd:00 5117379                    /usr/share/java/gradle/gradle-model-core.jar
7fe015205000-7fe015207000 r--s 00003000 fd:00 3544477                    /usr/share/java/slf4j/jcl-over-slf4j.jar
7fe015207000-7fe015209000 r--s 00005000 fd:00 3545125                    /usr/share/java/slf4j/log4j-over-slf4j.jar
7fe015209000-7fe015217000 r--s 00085000 fd:00 3305107                    /usr/share/java/apache-commons-collections.jar
7fe015217000-7fe01521c000 r--s 00036000 fd:00 3541926                    /usr/share/java/objectweb-asm/asm-all.jar
7fe01521c000-7fe01528c000 r--s 005fc000 fd:00 3408733                    /usr/share/java/groovy/groovy-all.jar
7fe01528c000-7fe0152c2000 r--s 001aa000 fd:00 5117359                    /usr/share/java/gradle/gradle-core.jar
7fe0152c2000-7fe0152c7000 r--s 00041000 fd:00 3305320                    /usr/share/java/apache-commons-lang.jar
7fe0152c7000-7fe0152f3000 r--s 001f0000 fd:00 3305326                    /usr/share/java/guava.jar
7fe0152f3000-7fe0152f4000 ---p 00000000 00:00 0 
7fe0152f4000-7fe0153f4000 rw-p 00000000 00:00 0                          [stack:7701]
7fe0153f4000-7fe0153f7000 ---p 00000000 00:00 0 
7fe0153f7000-7fe0154f5000 rw-p 00000000 00:00 0                          [stack:7700]
7fe0154f5000-7fe0154f8000 ---p 00000000 00:00 0 
7fe0154f8000-7fe0155f6000 rw-p 00000000 00:00 0                          [stack:7699]
7fe0155f6000-7fe0155f9000 ---p 00000000 00:00 0 
7fe0155f9000-7fe0156f7000 rw-p 00000000 00:00 0                          [stack:7698]
7fe0156f7000-7fe0156fa000 ---p 00000000 00:00 0 
7fe0156fa000-7fe0157f8000 rw-p 00000000 00:00 0                          [stack:7697]
7fe0157f8000-7fe0157fb000 ---p 00000000 00:00 0 
7fe0157fb000-7fe0158f9000 rw-p 00000000 00:00 0                          [stack:7696]
7fe0158f9000-7fe0158fc000 ---p 00000000 00:00 0 
7fe0158fc000-7fe0159fa000 rw-p 00000000 00:00 0                          [stack:7695]
7fe0159fa000-7fe0159fd000 ---p 00000000 00:00 0 
7fe0159fd000-7fe015afb000 rw-p 00000000 00:00 0                          [stack:7694]
7fe015afb000-7fe015afc000 ---p 00000000 00:00 0 
7fe015afc000-7fe018000000 rw-p 00000000 00:00 0                          [stack:7693]
7fe018000000-7fe018037000 rw-p 00000000 00:00 0 
7fe018037000-7fe01c000000 ---p 00000000 00:00 0 
7fe01c000000-7fe01c004000 r--s 00029000 fd:00 3305608                    /usr/share/java/commons-io.jar
7fe01c004000-7fe01c00b000 r--s 00031000 fd:00 5117354                    /usr/share/java/gradle/gradle-base-services.jar
7fe01c00b000-7fe01c02a000 r--s 001d2000 fd:00 4068892                    /usr/share/java/ant/ant.jar
7fe01c02a000-7fe01c035000 r--s 0021a000 fd:00 4719308                    /usr/java/jdk1.8.0_74/jre/lib/ext/localedata.jar
7fe01c035000-7fe01c03f000 r--s 00044000 fd:00 5117376                    /usr/share/java/gradle/gradle-launcher.jar
7fe01c03f000-7fe01c075000 r--s 001aa000 fd:00 5117359                    /usr/share/java/gradle/gradle-core.jar
7fe01c075000-7fe01d000000 rw-p 00000000 00:00 0 
7fe01d000000-7fe01f0c0000 rwxp 00000000 00:00 0 
7fe01f0c0000-7fe02c000000 ---p 00000000 00:00 0 
7fe02c000000-7fe02ca60000 rw-p 00000000 00:00 0 
7fe02ca60000-7fe030000000 ---p 00000000 00:00 0 
7fe030000000-7fe030001000 r--s 00006000 fd:00 5117353                    /usr/share/java/gradle/gradle-base-services-groovy.jar
7fe030001000-7fe030008000 r--s 00031000 fd:00 5117354                    /usr/share/java/gradle/gradle-base-services.jar
7fe030008000-7fe030012000 r--s 00044000 fd:00 5117376                    /usr/share/java/gradle/gradle-launcher.jar
7fe030012000-7fe030437000 rw-p 00000000 00:00 0 
7fe030437000-7fe03060f000 r--s 03cd5000 fd:00 4719319                    /usr/java/jdk1.8.0_74/jre/lib/rt.jar
7fe03060f000-7fe030885000 rw-p 00000000 00:00 0 
7fe030885000-7fe030886000 ---p 00000000 00:00 0 
7fe030886000-7fe030986000 rw-p 00000000 00:00 0                          [stack:7692]
7fe030986000-7fe030987000 ---p 00000000 00:00 0 
7fe030987000-7fe030a87000 rw-p 00000000 00:00 0                          [stack:7691]
7fe030a87000-7fe030a88000 ---p 00000000 00:00 0 
7fe030a88000-7fe030b88000 rw-p 00000000 00:00 0                          [stack:7690]
7fe030b88000-7fe030b89000 ---p 00000000 00:00 0 
7fe030b89000-7fe030cc1000 rw-p 00000000 00:00 0                          [stack:7689]
7fe030cc1000-7fe030ddf000 ---p 00000000 00:00 0 
7fe030ddf000-7fe030e17000 rw-p 00000000 00:00 0 
7fe030e17000-7fe030f34000 ---p 00000000 00:00 0 
7fe030f34000-7fe030f9c000 rw-p 00000000 00:00 0 
7fe030f9c000-7fe030fdf000 ---p 00000000 00:00 0 
7fe030fdf000-7fe031063000 rw-p 00000000 00:00 0 
7fe031063000-7fe0313a0000 ---p 00000000 00:00 0 
7fe0313a0000-7fe0313ba000 r-xp 00000000 fd:00 4719301                    /usr/java/jdk1.8.0_74/jre/lib/amd64/libzip.so
7fe0313ba000-7fe0315ba000 ---p 0001a000 fd:00 4719301                    /usr/java/jdk1.8.0_74/jre/lib/amd64/libzip.so
7fe0315ba000-7fe0315bb000 rw-p 0001a000 fd:00 4719301                    /usr/java/jdk1.8.0_74/jre/lib/amd64/libzip.so
7fe0315bb000-7fe0315c6000 r-xp 00000000 fd:00 2233612                    /usr/lib64/libnss_files-2.22.so
7fe0315c6000-7fe0317c5000 ---p 0000b000 fd:00 2233612                    /usr/lib64/libnss_files-2.22.so
7fe0317c5000-7fe0317c6000 r--p 0000a000 fd:00 2233612                    /usr/lib64/libnss_files-2.22.so
7fe0317c6000-7fe0317c7000 rw-p 0000b000 fd:00 2233612                    /usr/lib64/libnss_files-2.22.so
7fe0317c7000-7fe0317cd000 rw-p 00000000 00:00 0 
7fe0317cd000-7fe0317f7000 r-xp 00000000 fd:00 4719265                    /usr/java/jdk1.8.0_74/jre/lib/amd64/libjava.so
7fe0317f7000-7fe0319f7000 ---p 0002a000 fd:00 4719265                    /usr/java/jdk1.8.0_74/jre/lib/amd64/libjava.so
7fe0319f7000-7fe0319f9000 rw-p 0002a000 fd:00 4719265                    /usr/java/jdk1.8.0_74/jre/lib/amd64/libjava.so
7fe0319f9000-7fe031a06000 r-xp 00000000 fd:00 4719300                    /usr/java/jdk1.8.0_74/jre/lib/amd64/libverify.so
7fe031a06000-7fe031c06000 ---p 0000d000 fd:00 4719300                    /usr/java/jdk1.8.0_74/jre/lib/amd64/libverify.so
7fe031c06000-7fe031c08000 rw-p 0000d000 fd:00 4719300                    /usr/java/jdk1.8.0_74/jre/lib/amd64/libverify.so
7fe031c08000-7fe031c0f000 r-xp 00000000 fd:00 2233624                    /usr/lib64/librt-2.22.so
7fe031c0f000-7fe031e0e000 ---p 00007000 fd:00 2233624                    /usr/lib64/librt-2.22.so
7fe031e0e000-7fe031e0f000 r--p 00006000 fd:00 2233624                    /usr/lib64/librt-2.22.so
7fe031e0f000-7fe031e10000 rw-p 00007000 fd:00 2233624                    /usr/lib64/librt-2.22.so
7fe031e10000-7fe031f11000 r-xp 00000000 fd:00 2233606                    /usr/lib64/libm-2.22.so
7fe031f11000-7fe032110000 ---p 00101000 fd:00 2233606                    /usr/lib64/libm-2.22.so
7fe032110000-7fe032111000 r--p 00100000 fd:00 2233606                    /usr/lib64/libm-2.22.so
7fe032111000-7fe032112000 rw-p 00101000 fd:00 2233606                    /usr/lib64/libm-2.22.so
7fe032112000-7fe032dd1000 r-xp 00000000 fd:00 4719305                    /usr/java/jdk1.8.0_74/jre/lib/amd64/server/libjvm.so
7fe032dd1000-7fe032fd0000 ---p 00cbf000 fd:00 4719305                    /usr/java/jdk1.8.0_74/jre/lib/amd64/server/libjvm.so
7fe032fd0000-7fe0330a9000 rw-p 00cbe000 fd:00 4719305                    /usr/java/jdk1.8.0_74/jre/lib/amd64/server/libjvm.so
7fe0330a9000-7fe0330f2000 rw-p 00000000 00:00 0 
7fe0330f2000-7fe0332a9000 r-xp 00000000 fd:00 2229262                    /usr/lib64/libc-2.22.so
7fe0332a9000-7fe0334a9000 ---p 001b7000 fd:00 2229262                    /usr/lib64/libc-2.22.so
7fe0334a9000-7fe0334ad000 r--p 001b7000 fd:00 2229262                    /usr/lib64/libc-2.22.so
7fe0334ad000-7fe0334af000 rw-p 001bb000 fd:00 2229262                    /usr/lib64/libc-2.22.so
7fe0334af000-7fe0334b3000 rw-p 00000000 00:00 0 
7fe0334b3000-7fe0334b6000 r-xp 00000000 fd:00 2233604                    /usr/lib64/libdl-2.22.so
7fe0334b6000-7fe0336b5000 ---p 00003000 fd:00 2233604                    /usr/lib64/libdl-2.22.so
7fe0336b5000-7fe0336b6000 r--p 00002000 fd:00 2233604                    /usr/lib64/libdl-2.22.so
7fe0336b6000-7fe0336b7000 rw-p 00003000 fd:00 2233604                    /usr/lib64/libdl-2.22.so
7fe0336b7000-7fe0336cc000 r-xp 00000000 fd:00 4068669                    /usr/java/jdk1.8.0_74/lib/amd64/jli/libjli.so
7fe0336cc000-7fe0338cc000 ---p 00015000 fd:00 4068669                    /usr/java/jdk1.8.0_74/lib/amd64/jli/libjli.so
7fe0338cc000-7fe0338cd000 rw-p 00015000 fd:00 4068669                    /usr/java/jdk1.8.0_74/lib/amd64/jli/libjli.so
7fe0338cd000-7fe0338e5000 r-xp 00000000 fd:00 2233620                    /usr/lib64/libpthread-2.22.so
7fe0338e5000-7fe033ae4000 ---p 00018000 fd:00 2233620                    /usr/lib64/libpthread-2.22.so
7fe033ae4000-7fe033ae5000 r--p 00017000 fd:00 2233620                    /usr/lib64/libpthread-2.22.so
7fe033ae5000-7fe033ae6000 rw-p 00018000 fd:00 2233620                    /usr/lib64/libpthread-2.22.so
7fe033ae6000-7fe033aea000 rw-p 00000000 00:00 0 
7fe033aea000-7fe033b0b000 r-xp 00000000 fd:00 2233598                    /usr/lib64/ld-2.22.so
7fe033b0b000-7fe033b0c000 r--s 00000000 fd:00 5117363                    /usr/share/java/gradle/gradle-docs.jar
7fe033b0c000-7fe033b0e000 r--s 0000e000 fd:00 5116980                    /usr/share/java/jarjar/jarjar.jar
7fe033b0e000-7fe033be0000 rw-p 00000000 00:00 0 
7fe033be0000-7fe033be3000 ---p 00000000 00:00 0 
7fe033be3000-7fe033ce5000 rw-p 00000000 00:00 0                          [stack:7685]
7fe033ce5000-7fe033ce6000 r--s 00000000 fd:00 3305324                    /usr/share/java/atinject.jar
7fe033ce6000-7fe033ce7000 r--s 00001000 fd:00 3545122                    /usr/share/java/slf4j/jul-to-slf4j.jar
7fe033ce7000-7fe033ce8000 r--s 00000000 fd:00 3306115                    /usr/share/java/jcip-annotations.jar
7fe033ce8000-7fe033cea000 r--s 00007000 fd:00 3541992                    /usr/share/java/slf4j/slf4j-api.jar
7fe033cea000-7fe033ceb000 r--s 00004000 fd:00 4068591                    /usr/share/java/ant/ant-launcher.jar
7fe033ceb000-7fe033cff000 rw-p 00000000 00:00 0 
7fe033cff000-7fe033d07000 rw-s 00000000 00:23 74309                      /tmp/hsperfdata_tim/7684
7fe033d07000-7fe033d08000 rw-p 00000000 00:00 0 
7fe033d08000-7fe033d09000 r--p 00000000 00:00 0 
7fe033d09000-7fe033d0a000 rw-p 00000000 00:00 0 
7fe033d0a000-7fe033d0b000 r--p 00020000 fd:00 2233598                    /usr/lib64/ld-2.22.so
7fe033d0b000-7fe033d0c000 rw-p 00021000 fd:00 2233598                    /usr/lib64/ld-2.22.so
7fe033d0c000-7fe033d0d000 rw-p 00000000 00:00 0 
7fff7582a000-7fff7584c000 rw-p 00000000 00:00 0                          [stack]
7fff75989000-7fff7598b000 r--p 00000000 00:00 0                          [vvar]
7fff7598b000-7fff7598d000 r-xp 00000000 00:00 0                          [vdso]
ffffffffff600000-ffffffffff601000 r-xp 00000000 00:00 0                  [vsyscall]

VM Arguments:
jvm_args: -XX:MaxPermSize=256m -XX:+HeapDumpOnOutOfMemoryError -Xmx1024m -Dfile.encoding=UTF-8 -Duser.country=DE -Duser.language=de -Duser.variant 
java_command: org.gradle.launcher.daemon.bootstrap.GradleDaemon 2.5
java_class_path (initial): /usr/share/gradle/lib/gradle-launcher-2.5.jar:/usr/share/gradle/lib/gradle-core-2.5.jar:/usr/share/gradle/lib/gradle-base-services-2.5.jar
Launcher Type: SUN_STANDARD

Environment Variables:
JAVA_HOME=/usr/java/latest
PATH=/usr/lib64/qt-3.3/bin:/usr/local/bin:/usr/bin:/bin:/home/tim/bin:/usr/local/sbin:/usr/sbin
SHELL=/usr/bin/zsh
DISPLAY=:0

Signal Handlers:
SIGSEGV: [libjvm.so+0xabb070], sa_mask[0]=11111111011111111101111111111110, sa_flags=SA_RESTART|SA_SIGINFO
SIGBUS: [libjvm.so+0xabb070], sa_mask[0]=11111111011111111101111111111110, sa_flags=SA_RESTART|SA_SIGINFO
SIGFPE: [libjvm.so+0x918480], sa_mask[0]=11111111011111111101111111111110, sa_flags=SA_RESTART|SA_SIGINFO
SIGPIPE: [libjvm.so+0x918480], sa_mask[0]=11111111011111111101111111111110, sa_flags=SA_RESTART|SA_SIGINFO
SIGXFSZ: [libjvm.so+0x918480], sa_mask[0]=11111111011111111101111111111110, sa_flags=SA_RESTART|SA_SIGINFO
SIGILL: [libjvm.so+0x918480], sa_mask[0]=11111111011111111101111111111110, sa_flags=SA_RESTART|SA_SIGINFO
SIGUSR1: SIG_DFL, sa_mask[0]=00000000000000000000000000000000, sa_flags=none
SIGUSR2: [libjvm.so+0x919ab0], sa_mask[0]=00100000000000000000000000000000, sa_flags=SA_RESTART|SA_SIGINFO
SIGHUP: [libjvm.so+0x91aeb0], sa_mask[0]=11111111011111111101111111111110, sa_flags=SA_RESTART|SA_SIGINFO
SIGINT: [libjvm.so+0x91aeb0], sa_mask[0]=11111111011111111101111111111110, sa_flags=SA_RESTART|SA_SIGINFO
SIGTERM: [libjvm.so+0x91aeb0], sa_mask[0]=11111111011111111101111111111110, sa_flags=SA_RESTART|SA_SIGINFO
SIGQUIT: [libjvm.so+0x91aeb0], sa_mask[0]=11111111011111111101111111111110, sa_flags=SA_RESTART|SA_SIGINFO


---------------  S Y S T E M  ---------------

OS:Fedora release 23 (Twenty Three)

uname:Linux 4.4.6-301.fc23.x86_64 #1 SMP Wed Mar 30 16:43:58 UTC 2016 x86_64
libc:glibc 2.22 NPTL 2.22 
rlimit: STACK 8192k, CORE 0k, NPROC 15184, NOFILE 4096, AS infinity
load average:0,65 0,38 0,39

/proc/meminfo:
MemTotal:        3908500 kB
MemFree:           78992 kB
MemAvailable:    1000244 kB
Buffers:           49352 kB
Cached:           955464 kB
SwapCached:        13796 kB
Active:          2237400 kB
Inactive:        1178340 kB
Active(anon):    1656032 kB
Inactive(anon):   876324 kB
Active(file):     581368 kB
Inactive(file):   302016 kB
Unevictable:          32 kB
Mlocked:              32 kB
SwapTotal:       2097148 kB
SwapFree:        1725332 kB
Dirty:               160 kB
Writeback:             0 kB
AnonPages:       2402348 kB
Mapped:           649188 kB
Shmem:            121432 kB
Slab:             117944 kB
SReclaimable:      67064 kB
SUnreclaim:        50880 kB
KernelStack:        8464 kB
PageTables:        54016 kB
NFS_Unstable:          0 kB
Bounce:                0 kB
WritebackTmp:          0 kB
CommitLimit:     4051396 kB
Committed_AS:    7625684 kB
VmallocTotal:   34359738367 kB
VmallocUsed:           0 kB
VmallocChunk:          0 kB
HardwareCorrupted:     0 kB
AnonHugePages:         0 kB
CmaTotal:              0 kB
CmaFree:               0 kB
HugePages_Total:       0
HugePages_Free:        0
HugePages_Rsvd:        0
HugePages_Surp:        0
Hugepagesize:       2048 kB
DirectMap4k:      435304 kB
DirectMap2M:     3618816 kB


CPU:total 4 (2 cores per cpu, 2 threads per core) family 6 model 37 stepping 5, cmov, cx8, fxsr, mmx, sse, sse2, sse3, ssse3, sse4.1, sse4.2, popcnt, ht, tsc, tscinvbit

/proc/cpuinfo:
processor	: 0
vendor_id	: GenuineIntel
cpu family	: 6
model		: 37
model name	: Intel(R) Core(TM) i5 CPU       M 460  @ 2.53GHz
stepping	: 5
microcode	: 0x4
cpu MHz		: 2533.000
cache size	: 3072 KB
physical id	: 0
siblings	: 4
core id		: 0
cpu cores	: 2
apicid		: 0
initial apicid	: 0
fpu		: yes
fpu_exception	: yes
cpuid level	: 11
wp		: yes
flags		: fpu vme de pse tsc msr pae mce cx8 apic sep mtrr pge mca cmov pat pse36 clflush dts acpi mmx fxsr sse sse2 ss ht tm pbe syscall nx rdtscp lm constant_tsc arch_perfmon pebs bts rep_good nopl xtopology nonstop_tsc aperfmperf pni dtes64 monitor ds_cpl vmx est tm2 ssse3 cx16 xtpr pdcm pcid sse4_1 sse4_2 popcnt lahf_lm ida arat dtherm tpr_shadow vnmi flexpriority ept vpid
bugs		:
bogomips	: 5053.77
clflush size	: 64
cache_alignment	: 64
address sizes	: 36 bits physical, 48 bits virtual
power management:

processor	: 1
vendor_id	: GenuineIntel
cpu family	: 6
model		: 37
model name	: Intel(R) Core(TM) i5 CPU       M 460  @ 2.53GHz
stepping	: 5
microcode	: 0x4
cpu MHz		: 2534.000
cache size	: 3072 KB
physical id	: 0
siblings	: 4
core id		: 0
cpu cores	: 2
apicid		: 1
initial apicid	: 1
fpu		: yes
fpu_exception	: yes
cpuid level	: 11
wp		: yes
flags		: fpu vme de pse tsc msr pae mce cx8 apic sep mtrr pge mca cmov pat pse36 clflush dts acpi mmx fxsr sse sse2 ss ht tm pbe syscall nx rdtscp lm constant_tsc arch_perfmon pebs bts rep_good nopl xtopology nonstop_tsc aperfmperf pni dtes64 monitor ds_cpl vmx est tm2 ssse3 cx16 xtpr pdcm pcid sse4_1 sse4_2 popcnt lahf_lm ida arat dtherm tpr_shadow vnmi flexpriority ept vpid
bugs		:
bogomips	: 5053.77
clflush size	: 64
cache_alignment	: 64
address sizes	: 36 bits physical, 48 bits virtual
power management:

processor	: 2
vendor_id	: GenuineIntel
cpu family	: 6
model		: 37
model name	: Intel(R) Core(TM) i5 CPU       M 460  @ 2.53GHz
stepping	: 5
microcode	: 0x4
cpu MHz		: 2534.000
cache size	: 3072 KB
physical id	: 0
siblings	: 4
core id		: 2
cpu cores	: 2
apicid		: 4
initial apicid	: 4
fpu		: yes
fpu_exception	: yes
cpuid level	: 11
wp		: yes
flags		: fpu vme de pse tsc msr pae mce cx8 apic sep mtrr pge mca cmov pat pse36 clflush dts acpi mmx fxsr sse sse2 ss ht tm pbe syscall nx rdtscp lm constant_tsc arch_perfmon pebs bts rep_good nopl xtopology nonstop_tsc aperfmperf pni dtes64 monitor ds_cpl vmx est tm2 ssse3 cx16 xtpr pdcm pcid sse4_1 sse4_2 popcnt lahf_lm ida arat dtherm tpr_shadow vnmi flexpriority ept vpid
bugs		:
bogomips	: 5053.77
clflush size	: 64
cache_alignment	: 64
address sizes	: 36 bits physical, 48 bits virtual
power management:

processor	: 3
vendor_id	: GenuineIntel
cpu family	: 6
model		: 37
model name	: Intel(R) Core(TM) i5 CPU       M 460  @ 2.53GHz
stepping	: 5
microcode	: 0x4
cpu MHz		: 1333.000
cache size	: 3072 KB
physical id	: 0
siblings	: 4
core id		: 2
cpu cores	: 2
apicid		: 5
initial apicid	: 5
fpu		: yes
fpu_exception	: yes
cpuid level	: 11
wp		: yes
flags		: fpu vme de pse tsc msr pae mce cx8 apic sep mtrr pge mca cmov pat pse36 clflush dts acpi mmx fxsr sse sse2 ss ht tm pbe syscall nx rdtscp lm constant_tsc arch_perfmon pebs bts rep_good nopl xtopology nonstop_tsc aperfmperf pni dtes64 monitor ds_cpl vmx est tm2 ssse3 cx16 xtpr pdcm pcid sse4_1 sse4_2 popcnt lahf_lm ida arat dtherm tpr_shadow vnmi flexpriority ept vpid
bugs		:
bogomips	: 5053.77
clflush size	: 64
cache_alignment	: 64
address sizes	: 36 bits physical, 48 bits virtual
power management:



Memory: 4k page, physical 3908500k(78992k free), swap 2097148k(1725332k free)

vm_info: Java HotSpot(TM) 64-Bit Server VM (25.74-b02) for linux-amd64 JRE (1.8.0_74-b02), built on Jan 29 2016 19:20:56 by "java_re" with gcc 4.3.0 20080428 (Red Hat 4.3.0-8)

time: Wed Apr 13 14:24:27 2016
elapsed time: 6480 seconds (0d 1h 48m 0s)

